[Fri Aug 22 18:31:30 NZST 2025] test attacks. for 20 damage.
[Fri Aug 22 18:31:32 NZST 2025] Spartacus attacks. for 20 damage.
[Fri Aug 22 18:31:35 NZST 2025] test defeated gladiator: Spartacus
[Fri Aug 22 18:36:32 NZST 2025] test attacks. for 20 damage.
[Fri Aug 22 18:36:34 NZST 2025] Spartacus attacks. for 20 damage.
[Fri Aug 22 18:36:38 NZST 2025] test won against Spartacus
[Fri Aug 22 18:36:38 NZST 2025] test defeated gladiator: Spartacus
[Fri Aug 22 18:37:35 NZST 2025] devon attacks. for 20 damage.
[Fri Aug 22 18:37:37 NZST 2025] Spartacus taunts.
[Fri Aug 22 18:37:40 NZST 2025] devon was defeated by gladiator: Spartacus
[Fri Aug 22 19:17:14 NZST 2025] devon uses an item.
[Fri Aug 22 19:17:16 NZST 2025] Spartacus attacks. for 20 damage.
[Fri Aug 22 19:21:52 NZST 2025] Spartacus guards.
[Fri Aug 22 19:22:53 NZST 2025] devon uses an item.
[Fri Aug 22 19:22:55 NZST 2025] Commodus taunts.
[Fri Aug 22 19:23:01 NZST 2025] devon uses an item.
[Fri Aug 22 19:23:03 NZST 2025] Commodus attacks. for 15 damage.
[Fri Aug 22 19:23:07 NZST 2025] Commodus guards.
[Fri Aug 22 19:23:09 NZST 2025] devon attacks. for 25 damage.
[Fri Aug 22 19:23:11 NZST 2025] Commodus guards.
[Fri Aug 22 19:23:12 NZST 2025] devon attacks. for 25 damage.
[Fri Aug 22 19:23:14 NZST 2025] Commodus guards.
[Fri Aug 22 19:23:18 NZST 2025] devon was defeated by gladiator: Commodus
